<?xml version="1.0" encoding="UTF-8"?>
<!-- Generated by org.testng.reporters.JUnitReportReporter -->
<testsuite hostname="Nilmie" failures="0" tests="1" name="Selenium.Selenium" time="13.539" errors="0" timestamp="09 Oct 2018 10:27:14 GMT" skipped="0">
  <testcase classname="Selenium.Selenium" name="testSearch" time="13.539"/>
</testsuite> <!-- Selenium.Selenium -->
